~~£ºÇ½£¬[]£º¿é£¬##£ºÐÂ¿é
~~~~~~~~~~~~~~~~~~~~~~~~~~~~~~~~~~~~~~~~~~~~~~~~
~~                    ~~~~                    ~~
~~                    ~~~~                    ~~
~~                    ~~~~                    ~~
~~                    ~~~~                    ~~
~~                    ~~~~[][]            [][]~~
~~                    ~~~~[][][]          [][]~~
~~          [][]      ~~~~[][][]          [][]~~
~~  [][][]    [][]    ~~~~[][][]    [][]  [][]~~
~~[][][][]  [][][]    ~~~~[][][][][][][]  [][]~~
~~[][][][]  [][][]    ~~~~[][][]  [][][][][][]~~
~~[][][][][][][][]    ~~~~  [][][][][][][][][]~~
~~[][][][][][][][][]  ~~~~[][]      [][][][][]~~
~~[][][][][][][]  [][]~~~~[][][][][]  [][][][]~~
~~[][][][][]    [][][]~~~~[][][]    [][][][][]~~
~~[][][][][]    [][][]~~~~[][]    [][][][][][]~~
~~[][][][][]  [][][][]~~~~[][][]  [][][][][][]~~
~~[][][][][][]    [][]~~~~[][][][][][][][][]  ~~
~~[][][]    [][][][][]~~~~[][][][][][][][][]  ~~
~~[][][]  [][][][][][]~~~~[][][][][][][][][]  ~~
~~[][][][]    [][][][]~~~~[][][]  [][][][][][]~~
~~~~~~~~~~~~~~~~~~~~~~~~~~~~~~~~~~~~~~~~~~~~~~~~
~~£ºÇ½£¬[]£º¿é£¬##£ºÐÂ¿é
~~~~~~~~~~~~~~~~~~~~~~~~~~~~~~~~~~~~~~~~~~~~~~~~
~~                    ~~~~                    ~~
~~                    ~~~~                    ~~
~~                    ~~~~                    ~~
~~                    ~~~~                    ~~
~~                    ~~~~[][]            [][]~~
~~####                ~~~~[][][]          [][]~~
~~####      [][]      ~~~~[][][]          [][]~~
~~  [][][]    [][]    ~~~~[][][]    [][]  [][]~~
~~[][][][]  [][][]    ~~~~[][][][][][][]  [][]~~
~~[][][][]  [][][]    ~~~~[][][]  [][][][][][]~~
~~[][][][][][][][]    ~~~~  [][][][][][][][][]~~
~~[][][][][][][][][]  ~~~~[][]      [][][][][]~~
~~[][][][][][][]  [][]~~~~[][][][][]  [][][][]~~
~~[][][][][]    [][][]~~~~[][][]    [][][][][]~~
~~[][][][][]    [][][]~~~~[][]    [][][][][][]~~
~~[][][][][]  [][][][]~~~~[][][]  [][][][][][]~~
~~[][][][][][]    [][]~~~~[][][][][][][][][]  ~~
~~[][][]    [][][][][]~~~~[][][][][][][][][]  ~~
~~[][][]  [][][][][][]~~~~[][][][][][][][][]  ~~
~~[][][][]    [][][][]~~~~[][][]  [][][][][][]~~
~~~~~~~~~~~~~~~~~~~~~~~~~~~~~~~~~~~~~~~~~~~~~~~~
6 2 14 0